<?xml version="1.0" encoding="UTF-8"?>
<!-- Generated by org.testng.reporters.JUnitReportReporter -->
<testsuite skipped="0" hostname="DESKTOP-RK7253J" name="KDD.JEnkinS_TestRUN.Sampel" tests="1" failures="0" timestamp="26 Aug 2019 07:19:29 GMT" time="9.098" errors="0">
  <testcase name="gettitle" time="9.098" classname="KDD.JEnkinS_TestRUN.Sampel"/>
</testsuite> <!-- KDD.JEnkinS_TestRUN.Sampel -->
